Command line:
"travis --help"


   ________                                 __
  /        |                               /  |
  ########/ ______    ______    __     __  ##/    _______
     ## |  /      \  /      \  /  \   /  | /  |  /       |
     ## | /######  | ######  | ##  \ /##/  ## | /#######/
     ## | ## |  ##/  /    ## |  ##  /##/   ## | ##      \
     ## | ## |      /####### |   ## ##/    ## |  ######  |
     ## | ## |      ##    ## |    ###/     ## | /     ##/
     ##/  ##/        #######/      #/      ##/  #######/

     TRajectory Analyzer and VISualizer  -  Open-source freeware under GNU GPL v3

     Copyright (c) Martin Brehm      (2009-2019), University of Halle (Saale)
                   Martin Thomas     (2012-2019)
                   Sascha Gehrke     (2016-2019), University of Bonn
                   Barbara Kirchner  (2009-2019), University of Bonn

     http://www.travis-analyzer.de

     Please cite: M. Brehm, B. Kirchner: J. Chem. Inf. Model. 2011, 51 (8), pp 2007-2023.

     There is absolutely no warranty on any results obtained from TRAVIS.

  #  Running on colonelk at Mon Aug 19 21:33:14 2019 (PID 31144)
  #  Running in /home/matthew/dev/pt-three-ways
  #  Code version: Jan 01 2019,  Compiled at Feb 12 2019, 01:11:32,  Compiler "8.2.0", GCC 8.2.0
  #  Target platform: Linux,  Compile flags: DEBUG_ARRAYS 
  #  Machine: int=4b, long=8b, addr=8b, 0xA0B0C0D0=D0,C0,B0,A0.
  #  Home: /home/matthew,  Executable: /usr/bin/travis
  #  Input from terminal,  Output to terminal

 >>> Please use a color scheme with dark background or specify "-nocolor"! <<<

    No configuration file found.
    Writing default configuration to /home/matthew/.travis.conf ...

    List of supported command line options:

      -p <file>       Load position data from specified trajectory file.
                      File format may be *.xyz, *.pdb, *.lmp (LAMMPS), HISTORY (DLPOLY), or *.prmtop/*.mdcrd (Amber).
                      BQB format (*.bqb, *.btr, *.emp, *.blist) is also supported.
      -vel <file>     Read atom velocities from a file in addition to the position trajectory.
                      Currently, only .xyz format is supported for velocity data.
      -i <file>       Read input from specified text file.
      -c <file>       Read and execute control file (experimental).
      -config <file>  Load the specified configuration file.
      -stream         Treat input trajectory as a stream (e.g. named pipe): No fseek, etc.
      -showconf       Show a tree structure of the configuration file.
      -writeconf      Write the default configuration file, including all defines values.

      -verbose        Show detailed information about what's going on.
      -nocolor        Execute TRAVIS in monochrome mode (suitable for white background).
      -dimcolor       Use dim instead of bright colors.

      -credits        Display a list of persons who contributed to TRAVIS.
      -help, -?       Shows this help.

    If only one argument is specified, it is assumed to be the name of a trajectory file.
    If argument is specified at all, TRAVIS asks for the trajectory file to open.


    Note: To show a list of all persons who contributed to TRAVIS,
          please add "-credits" to your command line arguments, or set the
          variable "SHOWCREDITS" to "TRUE" in your travis.conf file.

    Source code from other projects used in TRAVIS:
      - lmfit     from Joachim Wuttke
      - kiss_fft  from Mark Borgerding
      - voro++    from Chris Rycroft

    http://www.travis-analyzer.de

    Please cite the following articles:

  * "TRAVIS - A Free Analyzer and Visualizer for Monte Carlo and Molecular Dynamics Trajectories",
    M. Brehm, B. Kirchner; J. Chem. Inf. Model. 2011, 51 (8), pp 2007-2023.

*** The End ***

